<?xml version="1.0" encoding="UTF-8"?>
<!-- Generated by org.testng.reporters.JUnitXMLReporter -->
<testsuite ignored="2" hostname="AGI-LT-2511" failures="0" tests="2" name="Default test(failed)" time="6.778" errors="0" timestamp="2026-06-27T17:24:12 IST">
  <testcase classname="tests.AddPlaceTests" name="verifyAddPlace" time="3.749"/>
  <testcase classname="tests.GetPlaceTests" name="verifyGetPlace" time="2.977"/>
  <testcase classname="base.BaseTest" name="@AfterSuite afterSuite" time="0.0">
    <ignored/>
  </testcase> <!-- @AfterSuite afterSuite -->
  <testcase classname="base.BaseTest" name="@BeforeSuite beforeSuite" time="0.0">
    <ignored/>
  </testcase> <!-- @BeforeSuite beforeSuite -->
</testsuite> <!-- Default test(failed) -->
