<?xml version="1.0" encoding="UTF-8"?>
<testsuite xmlns:xsi="http://www.w3.org/2001/XMLSchema-instance" xsi:noNamespaceSchemaLocation="https://maven.apache.org/surefire/maven-surefire-plugin/xsd/surefire-test-report.xsd" version="3.0.1" name="TestSuite" time="13.63" tests="4" errors="0" skipped="0" failures="0">
  <properties>
[...]
</properties>
  <testcase name="verifyAddPlace" classname="tests.AddPlaceTests" time="2.083">
    <system-out><![CDATA[13:10:13.038 INFO  TestListeners -Test suite started 
13:10:13.080 INFO  TestListeners -Test started verifyAddPlace
13:10:14.357 INFO  ApiLoggingFilter -URI: https://rahulshettyacademy.com/maps/api/place/add/json?key=qaclick123
13:10:14.357 INFO  ApiLoggingFilter -Body: {"location":{"lat":-38.383494,"lng":33.427362},"accuracy":50,"name":"Frontline house","phone_number":"(+91)9838933937","address":"29, side layout, cohen 09","types":["shoe park","shop"],"website":"http://google.com","language":"French-IN"}
13:10:15.067 INFO  ApiLoggingFilter -Status: 200
13:10:15.114 INFO  ApiLoggingFilter -Response: {
    "status": "OK",
    "place_id": "26f15c166cfa5de2c4d8f9276e70ded5",
    "scope": "APP",
    "reference": "8c0607d6f880856a8abaa8907d2aad1f8c0607d6f880856a8abaa8907d2aad1f",
    "id": "8c0607d6f880856a8abaa8907d2aad1f"
}
]]></system-out>
    <system-err><![CDATA[SLF4J(W): No SLF4J providers were found.
SLF4J(W): Defaulting to no-operation (NOP) logger implementation
SLF4J(W): See https://www.slf4j.org/codes.html#noProviders for further details.
]]></system-err>
  </testcase>
  <testcase name="verifyDeletePlace" classname="tests.DeletePlaceTests" time="3.749">
    <system-out><![CDATA[13:10:15.174 INFO  TestListeners -Test is successfull verifyAddPlace
13:10:15.178 INFO  TestListeners -Test started verifyDeletePlace
13:10:15.191 INFO  ApiLoggingFilter -URI: https://rahulshettyacademy.com/maps/api/place/add/json?key=qaclick123
13:10:15.191 INFO  ApiLoggingFilter -Body: {"location":{"lat":-38.383494,"lng":33.427362},"accuracy":50,"name":"Frontline house","phone_number":"(+91)9838933937","address":"29, side layout, cohen 09","types":["shoe park","shop"],"website":"http://google.com","language":"French-IN"}
13:10:15.334 INFO  ApiLoggingFilter -Status: 200
13:10:15.336 INFO  ApiLoggingFilter -Response: {
    "status": "OK",
    "place_id": "6b0ad09a04c09c9ff408b5f6b78fefcd",
    "scope": "APP",
    "reference": "f35b94a9c483879eb5a7e51e612851b4f35b94a9c483879eb5a7e51e612851b4",
    "id": "f35b94a9c483879eb5a7e51e612851b4"
}
13:10:15.359 INFO  ApiLoggingFilter -URI: https://rahulshettyacademy.com/maps/api/place/delete/json?key=qaclick123
13:10:15.359 INFO  ApiLoggingFilter -Body: { "place_id": "6b0ad09a04c09c9ff408b5f6b78fefcd" }
13:10:18.499 INFO  ApiLoggingFilter -Status: 200
13:10:18.499 INFO  ApiLoggingFilter -Response: {
    "status": "OK"
}
OK
]]></system-out>
  </testcase>
  <testcase name="verifyGetPlace" classname="tests.GetPlaceTests" time="2.212">
    <system-out><![CDATA[13:10:18.937 INFO  TestListeners -Test is successfull verifyDeletePlace
13:10:18.937 INFO  TestListeners -Test started verifyGetPlace
13:10:18.955 INFO  ApiLoggingFilter -URI: https://rahulshettyacademy.com/maps/api/place/add/json?key=qaclick123
13:10:18.955 INFO  ApiLoggingFilter -Body: {"location":{"lat":-38.383494,"lng":33.427362},"accuracy":50,"name":"Frontline house","phone_number":"(+91)9838933937","address":"29, side layout, cohen 09","types":["shoe park","shop"],"website":"http://google.com","language":"French-IN"}
13:10:19.076 INFO  ApiLoggingFilter -Status: 200
13:10:19.076 INFO  ApiLoggingFilter -Response: {
    "status": "OK",
    "place_id": "696598740ad5f097e63d03e8c6d00041",
    "scope": "APP",
    "reference": "35c02c7dc6ff6231759aa681032e2fdd35c02c7dc6ff6231759aa681032e2fdd",
    "id": "35c02c7dc6ff6231759aa681032e2fdd"
}
13:10:19.102 INFO  ApiLoggingFilter -URI: https://rahulshettyacademy.com/maps/api/place/get/json?key=qaclick123&place_id=696598740ad5f097e63d03e8c6d00041
13:10:19.102 INFO  ApiLoggingFilter -Body: null
13:10:21.122 INFO  ApiLoggingFilter -Status: 200
13:10:21.125 INFO  ApiLoggingFilter -Response: {
    "location": {
        "latitude": "-38.383494",
        "longitude": "33.427362"
    },
    "accuracy": "50",
    "name": "Frontline house",
    "phone_number": "(+91)9838933937",
    "address": "29, side layout, cohen 09",
    "types": "shoe park,shop",
    "website": "http://google.com",
    "language": "French-IN"
}
]]></system-out>
  </testcase>
  <testcase name="verifyUpdatePlace[67 block, USA, qaclick123](1)" classname="tests.UpdatePlaceTests" time="3.173">
    <system-out><![CDATA[13:10:21.151 INFO  TestListeners -Test is successfull verifyGetPlace
13:10:21.743 INFO  TestListeners -Test started verifyUpdatePlace
13:10:21.750 INFO  ApiLoggingFilter -URI: https://rahulshettyacademy.com/maps/api/place/add/json?key=qaclick123
13:10:21.750 INFO  ApiLoggingFilter -Body: {"location":{"lat":-38.383494,"lng":33.427362},"accuracy":50,"name":"Frontline house","phone_number":"(+91)9838933937","address":"29, side layout, cohen 09","types":["shoe park","shop"],"website":"http://google.com","language":"French-IN"}
13:10:21.877 INFO  ApiLoggingFilter -Status: 200
13:10:21.877 INFO  ApiLoggingFilter -Response: {
    "status": "OK",
    "place_id": "b7f0be5194c04881c9ebed37b8caaec1",
    "scope": "APP",
    "reference": "d1c4e0408df9f4160af54dcdd592ead3d1c4e0408df9f4160af54dcdd592ead3",
    "id": "d1c4e0408df9f4160af54dcdd592ead3"
}
13:10:21.925 INFO  ApiLoggingFilter -URI: https://rahulshettyacademy.com/maps/api/place/update/json?key=qaclick123
13:10:21.925 INFO  ApiLoggingFilter -Body: {"place_id":"b7f0be5194c04881c9ebed37b8caaec1","address":"67 block, USA","key":"qaclick123"}
13:10:24.890 INFO  ApiLoggingFilter -Status: 200
13:10:24.904 INFO  ApiLoggingFilter -Response: {
    "msg": "Address successfully updated"
}
Address successfully updated
]]></system-out>
  </testcase>
</testsuite>