<?xml version="1.0" encoding="UTF-8"?>
<testng-results ignored="0" total="4" passed="4" failed="0" skipped="0">
  <reporter-output>
  </reporter-output>
  <suite started-at="2026-06-28T13:10:13 IST" name="Surefire suite" finished-at="2026-06-28T13:10:24 IST" duration-ms="11883">
    <groups>
    </groups>
    <test started-at="2026-06-28T13:10:13 IST" name="Surefire test" finished-at="2026-06-28T13:10:24 IST" duration-ms="11883">
      <class name="tests.AddPlaceTests">
        <test-method is-config="true" signature="beforeMethod(java.lang.reflect.Method)[pri:0, instance:tests.AddPlaceTests@34b7ac2f]" started-at="2026-06-28T13:10:13 IST" name="beforeMethod" finished-at="2026-06-28T13:10:13 IST" duration-ms="5" status="PASS">
          <params>
            <param index="0">
              <value>
                <![CDATA[public void tests.AddPlaceTests.verifyAddPlace()]]>
              </value>
            </param>
          </params>
          <reporter-output>
          </reporter-output>
        </test-method> <!-- beforeMethod -->
        <test-method signature="verifyAddPlace()[pri:0, instance:tests.AddPlaceTests@34b7ac2f]" started-at="2026-06-28T13:10:13 IST" name="verifyAddPlace" finished-at="2026-06-28T13:10:15 IST" duration-ms="2094" status="PASS">
          <reporter-output>
          </reporter-output>
        </test-method> <!-- verifyAddPlace -->
        <test-method is-config="true" signature="afterMethod()[pri:0, instance:tests.AddPlaceTests@34b7ac2f]" started-at="2026-06-28T13:10:15 IST" name="afterMethod" finished-at="2026-06-28T13:10:15 IST" duration-ms="1" status="PASS">
          <reporter-output>
          </reporter-output>
        </test-method> <!-- afterMethod -->
      </class> <!-- tests.AddPlaceTests -->
      <class name="base.BaseTest">
        <test-method is-config="true" signature="beforeSuite()[pri:0, instance:base.BaseTest@4b5d6a01]" started-at="2026-06-28T13:10:12 IST" name="beforeSuite" finished-at="2026-06-28T13:10:13 IST" duration-ms="189" status="PASS">
          <reporter-output>
          </reporter-output>
        </test-method> <!-- beforeSuite -->
        <test-method is-config="true" signature="afterSuite()[pri:0, instance:base.BaseTest@4b5d6a01]" started-at="2026-06-28T13:10:24 IST" name="afterSuite" finished-at="2026-06-28T13:10:25 IST" duration-ms="250" status="PASS">
          <reporter-output>
          </reporter-output>
        </test-method> <!-- afterSuite -->
      </class> <!-- base.BaseTest -->
      <class name="tests.GetPlaceTests">
        <test-method signature="verifyGetPlace()[pri:0, instance:tests.GetPlaceTests@4b0b0854]" started-at="2026-06-28T13:10:18 IST" name="verifyGetPlace" finished-at="2026-06-28T13:10:21 IST" duration-ms="2214" status="PASS">
          <reporter-output>
          </reporter-output>
        </test-method> <!-- verifyGetPlace -->
        <test-method is-config="true" signature="beforeMethod(java.lang.reflect.Method)[pri:0, instance:tests.GetPlaceTests@4b0b0854]" started-at="2026-06-28T13:10:18 IST" name="beforeMethod" finished-at="2026-06-28T13:10:18 IST" duration-ms="0" status="PASS">
          <params>
            <param index="0">
              <value>
                <![CDATA[public void tests.GetPlaceTests.verifyGetPlace()]]>
              </value>
            </param>
          </params>
          <reporter-output>
          </reporter-output>
        </test-method> <!-- beforeMethod -->
        <test-method is-config="true" signature="afterMethod()[pri:0, instance:tests.GetPlaceTests@4b0b0854]" started-at="2026-06-28T13:10:21 IST" name="afterMethod" finished-at="2026-06-28T13:10:21 IST" duration-ms="0" status="PASS">
          <reporter-output>
          </reporter-output>
        </test-method> <!-- afterMethod -->
      </class> <!-- tests.GetPlaceTests -->
      <class name="tests.DeletePlaceTests">
        <test-method signature="verifyDeletePlace()[pri:0, instance:tests.DeletePlaceTests@e056f20]" started-at="2026-06-28T13:10:15 IST" name="verifyDeletePlace" finished-at="2026-06-28T13:10:18 IST" duration-ms="3759" status="PASS">
          <reporter-output>
          </reporter-output>
        </test-method> <!-- verifyDeletePlace -->
        <test-method is-config="true" signature="beforeMethod(java.lang.reflect.Method)[pri:0, instance:tests.DeletePlaceTests@e056f20]" started-at="2026-06-28T13:10:15 IST" name="beforeMethod" finished-at="2026-06-28T13:10:15 IST" duration-ms="0" status="PASS">
          <params>
            <param index="0">
              <value>
                <![CDATA[public void tests.DeletePlaceTests.verifyDeletePlace()]]>
              </value>
            </param>
          </params>
          <reporter-output>
          </reporter-output>
        </test-method> <!-- beforeMethod -->
        <test-method is-config="true" signature="afterMethod()[pri:0, instance:tests.DeletePlaceTests@e056f20]" started-at="2026-06-28T13:10:18 IST" name="afterMethod" finished-at="2026-06-28T13:10:18 IST" duration-ms="0" status="PASS">
          <reporter-output>
          </reporter-output>
        </test-method> <!-- afterMethod -->
      </class> <!-- tests.DeletePlaceTests -->
      <class name="tests.UpdatePlaceTests">
        <test-method signature="verifyUpdatePlace(java.lang.String,java.lang.String)[pri:0, instance:tests.UpdatePlaceTests@19bb07ed]" started-at="2026-06-28T13:10:21 IST" name="verifyUpdatePlace" data-provider="excelData" finished-at="2026-06-28T13:10:24 IST" duration-ms="3173" status="PASS">
          <params>
            <param index="0">
              <value>
                <![CDATA[67 block, USA]]>
              </value>
            </param>
            <param index="1">
              <value>
                <![CDATA[qaclick123]]>
              </value>
            </param>
          </params>
          <reporter-output>
          </reporter-output>
        </test-method> <!-- verifyUpdatePlace -->
        <test-method is-config="true" signature="beforeMethod(java.lang.reflect.Method)[pri:0, instance:tests.UpdatePlaceTests@19bb07ed]" started-at="2026-06-28T13:10:21 IST" name="beforeMethod" finished-at="2026-06-28T13:10:21 IST" duration-ms="0" status="PASS">
          <params>
            <param index="0">
              <value>
                <![CDATA[public void tests.UpdatePlaceTests.verifyUpdatePlace(java.lang.String,java.lang.String)]]>
              </value>
            </param>
          </params>
          <reporter-output>
          </reporter-output>
        </test-method> <!-- beforeMethod -->
        <test-method is-config="true" signature="afterMethod()[pri:0, instance:tests.UpdatePlaceTests@19bb07ed]" started-at="2026-06-28T13:10:24 IST" name="afterMethod" finished-at="2026-06-28T13:10:24 IST" duration-ms="0" status="PASS">
          <reporter-output>
          </reporter-output>
        </test-method> <!-- afterMethod -->
      </class> <!-- tests.UpdatePlaceTests -->
    </test> <!-- Surefire test -->
  </suite> <!-- Surefire suite -->
</testng-results>
