<?xml version="1.0" encoding="UTF-8"?>
<!-- Generated by org.testng.reporters.JUnitXMLReporter -->
<testsuite ignored="4" hostname="AGI-LT-2511" failures="0" tests="3" name="Add, Get and Update Place Tests" time="7.834" errors="0" timestamp="2026-06-27T18:21:21 IST">
  <testcase classname="tests.AddPlaceTests" name="verifyAddPlace" time="1.782"/>
  <testcase classname="tests.GetPlaceTests" name="verifyGetPlace" time="2.112"/>
  <testcase classname="tests.UpdatePlaceTests" name="verifyUpdatePlace" time="3.475"/>
  <testcase classname="base.BaseTest" name="@AfterSuite afterSuite" time="0.0">
    <ignored/>
  </testcase> <!-- @AfterSuite afterSuite -->
  <testcase classname="base.BaseTest" name="@BeforeSuite beforeSuite" time="0.0">
    <ignored/>
  </testcase> <!-- @BeforeSuite beforeSuite -->
  <testcase classname="base.BaseTest" name="@AfterSuite afterSuite" time="0.0">
    <ignored/>
  </testcase> <!-- @AfterSuite afterSuite -->
  <testcase classname="base.BaseTest" name="@BeforeSuite beforeSuite" time="0.0">
    <ignored/>
  </testcase> <!-- @BeforeSuite beforeSuite -->
</testsuite> <!-- Add, Get and Update Place Tests -->
