<?xml version="1.0" encoding="UTF-8"?>
<!-- Generated by org.testng.reporters.JUnitXMLReporter -->
<testsuite ignored="6" hostname="AGI-LT-2511" failures="0" tests="4" name="Add, Get ,Update and Delete Place Tests" time="12.046" errors="0" timestamp="2026-06-27T20:07:37 IST">
  <testcase classname="tests.AddPlaceTests" name="verifyAddPlace" time="1.785"/>
  <testcase classname="tests.GetPlaceTests" name="verifyGetPlace" time="2.311"/>
  <testcase classname="tests.UpdatePlaceTests" name="verifyUpdatePlace" time="3.968"/>
  <testcase classname="tests.DeletePlaceTests" name="verifyDeletePlace" time="3.435"/>
  <testcase classname="base.BaseTest" name="@BeforeSuite beforeSuite" time="0.0">
    <ignored/>
  </testcase> <!-- @BeforeSuite beforeSuite -->
  <testcase classname="base.BaseTest" name="@AfterSuite afterSuite" time="0.0">
    <ignored/>
  </testcase> <!-- @AfterSuite afterSuite -->
  <testcase classname="base.BaseTest" name="@BeforeSuite beforeSuite" time="0.0">
    <ignored/>
  </testcase> <!-- @BeforeSuite beforeSuite -->
  <testcase classname="base.BaseTest" name="@AfterSuite afterSuite" time="0.0">
    <ignored/>
  </testcase> <!-- @AfterSuite afterSuite -->
  <testcase classname="base.BaseTest" name="@AfterSuite afterSuite" time="0.0">
    <ignored/>
  </testcase> <!-- @AfterSuite afterSuite -->
  <testcase classname="base.BaseTest" name="@BeforeSuite beforeSuite" time="0.0">
    <ignored/>
  </testcase> <!-- @BeforeSuite beforeSuite -->
</testsuite> <!-- Add, Get ,Update and Delete Place Tests -->
