<?xml version="1.0" encoding="UTF-8"?>
<!-- Generated by org.testng.reporters.JUnitXMLReporter -->
<testsuite ignored="2" hostname="AGI-LT-2511" failures="0" tests="2" name="Update and Delete Place Tests" time="10.982" errors="0" timestamp="2026-06-29T15:09:42 IST">
  <testcase classname="tests.UpdatePlaceTests" name="verifyUpdatePlace" time="6.773"/>
  <testcase classname="tests.DeletePlaceTests" name="verifyDeletePlace" time="3.501"/>
  <testcase classname="base.BaseTest" name="@BeforeSuite beforeSuite" time="0.0">
    <ignored/>
  </testcase> <!-- @BeforeSuite beforeSuite -->
  <testcase classname="base.BaseTest" name="@AfterSuite afterSuite" time="0.0">
    <ignored/>
  </testcase> <!-- @AfterSuite afterSuite -->
</testsuite> <!-- Update and Delete Place Tests -->
